0 info it worked if it ends with ok
1 verbose cli [ 'E:\\web proj\\node.exe',
1 verbose cli   'E:\\web proj\\node_modules\\npm\\bin\\npm-cli.js',
1 verbose cli   'start' ]
2 info using npm@2.14.3
3 info using node@v4.1.0
4 verbose run-script [ 'prestart', 'start', 'poststart' ]
5 info prestart video-requests-api@1.0.0
6 info start video-requests-api@1.0.0
7 verbose unsafe-perm in lifecycle true
8 info video-requests-api@1.0.0 Failed to exec start script
9 verbose stack Error: video-requests-api@1.0.0 start: `node index.js`
9 verbose stack Exit status 1
9 verbose stack     at EventEmitter.<anonymous> (E:\web proj\node_modules\npm\lib\utils\lifecycle.js:214:16)
9 verbose stack     at emitTwo (events.js:87:13)
9 verbose stack     at EventEmitter.emit (events.js:172:7)
9 verbose stack     at ChildProcess.<anonymous> (E:\web proj\node_modules\npm\lib\utils\spawn.js:24:14)
9 verbose stack     at emitTwo (events.js:87:13)
9 verbose stack     at ChildProcess.emit (events.js:172:7)
9 verbose stack     at maybeClose (internal/child_process.js:817:16)
9 verbose stack     at Process.ChildProcess._handle.onexit (internal/child_process.js:211:5)
10 verbose pkgid video-requests-api@1.0.0
11 verbose cwd D:\Javascript single page application\ramadan-2020-assessments\server
12 error Windows_NT 6.1.7601
13 error argv "E:\\web proj\\node.exe" "E:\\web proj\\node_modules\\npm\\bin\\npm-cli.js" "start"
14 error node v4.1.0
15 error npm  v2.14.3
16 error code ELIFECYCLE
17 error video-requests-api@1.0.0 start: `node index.js`
17 error Exit status 1
18 error Failed at the video-requests-api@1.0.0 start script 'node index.js'.
18 error This is most likely a problem with the video-requests-api package,
18 error not with npm itself.
18 error Tell the author that this fails on your system:
18 error     node index.js
18 error You can get their info via:
18 error     npm owner ls video-requests-api
18 error There is likely additional logging output above.
19 verbose exit [ 1, true ]
